The system is: Windows - 10.0.19042 - AMD64
Compiling the C compiler identification source file "CMakeCCompilerId.c" succeeded.
Compiler: C:/Program Files (x86)/Microsoft Visual Studio/2019/Enterprise/VC/Tools/MSVC/14.29.30037/bin/Hostx64/x64/cl.exe 
Build flags: 
Id flags:  

The output was:
0
用于 x64 的 Microsoft (R) C/C++ 优化编译器 19.29.30038.1 版
版权所有(C) Microsoft Corporation。保留所有权利。

CMakeCCompilerId.c
Microsoft (R) Incremental Linker Version 14.29.30038.1
Copyright (C) Microsoft Corporation.  All rights reserved.

/out:CMakeCCompilerId.exe 
CMakeCCompilerId.obj 


Compilation of the C compiler identification source "CMakeCCompilerId.c" produced "CMakeCCompilerId.exe"

Compilation of the C compiler identification source "CMakeCCompilerId.c" produced "CMakeCCompilerId.obj"

The C compiler identification is MSVC, found in "D:/clionCode/Code/qtRender/cmake-build-debug/CMakeFiles/3.19.2/CompilerIdC/CMakeCCompilerId.exe"

Compiling the CXX compiler identification source file "CMakeCXXCompilerId.cpp" succeeded.
Compiler: C:/Program Files (x86)/Microsoft Visual Studio/2019/Enterprise/VC/Tools/MSVC/14.29.30037/bin/Hostx64/x64/cl.exe 
Build flags: 
Id flags:  

The output was:
0
用于 x64 的 Microsoft (R) C/C++ 优化编译器 19.29.30038.1 版
版权所有(C) Microsoft Corporation。保留所有权利。

CMakeCXXCompilerId.cpp
Microsoft (R) Incremental Linker Version 14.29.30038.1
Copyright (C) Microsoft Corporation.  All rights reserved.

/out:CMakeCXXCompilerId.exe 
CMakeCXXCompilerId.obj 


Compilation of the CXX compiler identification source "CMakeCXXCompilerId.cpp" produced "CMakeCXXCompilerId.exe"

Compilation of the CXX compiler identification source "CMakeCXXCompilerId.cpp" produced "CMakeCXXCompilerId.obj"

The CXX compiler identification is MSVC, found in "D:/clionCode/Code/qtRender/cmake-build-debug/CMakeFiles/3.19.2/CompilerIdCXX/CMakeCXXCompilerId.exe"

Detecting C compiler ABI info compiled with the following output:
Change Dir: D:/clionCode/Code/qtRender/cmake-build-debug/CMakeFiles/CMakeTmp

Run Build Command(s):nmake /nologo cmTC_02eb9\fast && 	"C:\Program Files (x86)\Microsoft Visual Studio\2019\Enterprise\VC\Tools\MSVC\14.29.30037\bin\HostX64\x64\nmake.exe"  -f CMakeFiles\cmTC_02eb9.dir\build.make /nologo -L                  CMakeFiles\cmTC_02eb9.dir\build
Building C object CMakeFiles/cmTC_02eb9.dir/CMakeCCompilerABI.c.obj
	C:\PROGRA~2\MICROS~1\2019\ENTERP~1\VC\Tools\MSVC\1429~1.300\bin\Hostx64\x64\cl.exe @C:\Users\WDS\AppData\Local\Temp\nm14C9.tmp
CMakeCCompilerABI.c
Linking C executable cmTC_02eb9.exe
	"G:\clion\installfiles\CLion 2021.1.2\bin\cmake\win\bin\cmake.exe" -E vs_link_exe --intdir=CMakeFiles\cmTC_02eb9.dir --rc=C:\PROGRA~2\WI3CF2~1\10\bin\100190~1.0\x64\rc.exe --mt=C:\PROGRA~2\WI3CF2~1\10\bin\100190~1.0\x64\mt.exe --manifests -- C:\PROGRA~2\MICROS~1\2019\ENTERP~1\VC\Tools\MSVC\1429~1.300\bin\Hostx64\x64\link.exe /nologo @CMakeFiles\cmTC_02eb9.dir\objects1.rsp @C:\Users\WDS\AppData\Local\Temp\nm1623.tmp



Detecting CXX compiler ABI info compiled with the following output:
Change Dir: D:/clionCode/Code/qtRender/cmake-build-debug/CMakeFiles/CMakeTmp

Run Build Command(s):nmake /nologo cmTC_8e89f\fast && 	"C:\Program Files (x86)\Microsoft Visual Studio\2019\Enterprise\VC\Tools\MSVC\14.29.30037\bin\HostX64\x64\nmake.exe"  -f CMakeFiles\cmTC_8e89f.dir\build.make /nologo -L                  CMakeFiles\cmTC_8e89f.dir\build
Building CXX object CMakeFiles/cmTC_8e89f.dir/CMakeCXXCompilerABI.cpp.obj
	C:\PROGRA~2\MICROS~1\2019\ENTERP~1\VC\Tools\MSVC\1429~1.300\bin\Hostx64\x64\cl.exe @C:\Users\WDS\AppData\Local\Temp\nm1892.tmp
CMakeCXXCompilerABI.cpp
Linking CXX executable cmTC_8e89f.exe
	"G:\clion\installfiles\CLion 2021.1.2\bin\cmake\win\bin\cmake.exe" -E vs_link_exe --intdir=CMakeFiles\cmTC_8e89f.dir --rc=C:\PROGRA~2\WI3CF2~1\10\bin\100190~1.0\x64\rc.exe --mt=C:\PROGRA~2\WI3CF2~1\10\bin\100190~1.0\x64\mt.exe --manifests -- C:\PROGRA~2\MICROS~1\2019\ENTERP~1\VC\Tools\MSVC\1429~1.300\bin\Hostx64\x64\link.exe /nologo @CMakeFiles\cmTC_8e89f.dir\objects1.rsp @C:\Users\WDS\AppData\Local\Temp\nm18E1.tmp



Performing C++ SOURCE FILE Test HAVE_STDATOMIC succeeded with the following output:
Change Dir: D:/clionCode/Code/qtRender/cmake-build-debug/CMakeFiles/CMakeTmp

Run Build Command(s):nmake /nologo cmTC_f53b8\fast && 	"C:\Program Files (x86)\Microsoft Visual Studio\2019\Enterprise\VC\Tools\MSVC\14.29.30037\bin\HostX64\x64\nmake.exe"  -f CMakeFiles\cmTC_f53b8.dir\build.make /nologo -L                  CMakeFiles\cmTC_f53b8.dir\build
Building CXX object CMakeFiles/cmTC_f53b8.dir/src.cxx.obj
	C:\PROGRA~2\MICROS~1\2019\ENTERP~1\VC\Tools\MSVC\1429~1.300\bin\Hostx64\x64\cl.exe @C:\Users\WDS\AppData\Local\Temp\nm1D93.tmp
src.cxx
D:\clionCode\Code\qtRender\cmake-build-debug\CMakeFiles\CMakeTmp\src.cxx(17): warning C4312: “类型强制转换”: 从“unsigned int”转换到更大的“void *”
Linking CXX executable cmTC_f53b8.exe
	"G:\clion\installfiles\CLion 2021.1.2\bin\cmake\win\bin\cmake.exe" -E vs_link_exe --intdir=CMakeFiles\cmTC_f53b8.dir --rc=C:\PROGRA~2\WI3CF2~1\10\bin\100190~1.0\x64\rc.exe --mt=C:\PROGRA~2\WI3CF2~1\10\bin\100190~1.0\x64\mt.exe --manifests -- C:\PROGRA~2\MICROS~1\2019\ENTERP~1\VC\Tools\MSVC\1429~1.300\bin\Hostx64\x64\link.exe /nologo @CMakeFiles\cmTC_f53b8.dir\objects1.rsp @C:\Users\WDS\AppData\Local\Temp\nm1E21.tmp


Source file was:
#include <atomic>
#include <cstdint>

void test(volatile std::atomic<std::int64_t> &a)
{
    std::int64_t v = a.load(std::memory_order_acquire);
    while (!a.compare_exchange_strong(v, v + 1,
                                      std::memory_order_acq_rel,
                                      std::memory_order_acquire)) {
        v = a.exchange(v - 1);
    }
    a.store(v + 1, std::memory_order_release);
}

int main(int, char **)
{
    void *ptr = (void*)0xffffffc0; // any random pointer
    test(*reinterpret_cast<std::atomic<std::int64_t> *>(ptr));
    return 0;
}
